<?xml version="1.0" encoding="UTF-8"?>
<testsuites tests="8" failures="0" disabled="0" errors="0" timestamp="2025-03-24T23:01:57" time="0.239" name="AllTests">
  <testsuite name="QuickSortTest" tests="5" failures="0" disabled="0" errors="0" time="0.077">
    <testcase name="SortsArrayInAscendingOrder" status="run" time="0.001" classname="QuickSortTest" />
    <testcase name="SingleElementArray" status="run" time="0" classname="QuickSortTest" />
    <testcase name="SortedArray" status="run" time="0" classname="QuickSortTest" />
    <testcase name="ReverseSortedArray" status="run" time="0.001" classname="QuickSortTest" />
    <testcase name="RandomArray" status="run" time="0" classname="QuickSortTest" />
  </testsuite>
  <testsuite name="StringProcessorTest" tests="2" failures="0" disabled="0" errors="0" time="0.135">
    <testcase name="ValidString_ReturnsTrue" status="run" time="0.001" classname="StringProcessorTest" />
    <testcase name="InvalidString_ReturnsFalse" status="run" time="0.001" classname="StringProcessorTest" />
  </testsuite>
  <testsuite name="SwapTest" tests="1" failures="0" disabled="0" errors="0" time="0">
    <testcase name="SwapsValuesCorrectly" status="run" time="0" classname="SwapTest" />
  </testsuite>
</testsuites>
